SuguSake/app/build/outputs/logs/manifest-merger-debug-report.txt
-- Merging decision tree log ---
manifest
ADDED from src\main\AndroidManifest.xml:2:1-45:12
	xmlns:android
		ADDED from src\main\AndroidManifest.xml:2:11-69
	package
		ADDED from src\main\AndroidManifest.xml:3:7-53
		INJECTED from src\main\AndroidManifest.xml
		INJECTED from src\main\AndroidManifest.xml
	android:versionName
		ADDED from src\main\AndroidManifest.xml:4:31-58
		INJECTED from src\main\AndroidManifest.xml
		INJECTED from src\main\AndroidManifest.xml
	android:versionCode
		ADDED from src\main\AndroidManifest.xml:4:7-30
		INJECTED from src\main\AndroidManifest.xml
		INJECTED from src\main\AndroidManifest.xml
application
ADDED from src\main\AndroidManifest.xml:6:5-36:19
MERGED from [com.google.android.gms:play-services-maps:8.4.0] AndroidManifest.xml:27:5-20
MERGED from [com.google.android.gms:play-services-basement:8.4.0] AndroidManifest.xml:20:5-24:19
MERGED from [com.android.support:support-v4:23.1.1] AndroidManifest.xml:22:5-20
MERGED from [com.android.support:support-v4:23.1.1] AndroidManifest.xml:22:5-20
MERGED from [com.jpardogo.materialtabstrip:library:1.0.9] AndroidManifest.xml:9:5-20
MERGED from [com.android.support:support-v4:23.1.1] AndroidManifest.xml:22:5-20
	android:label
		ADDED from src\main\AndroidManifest.xml:7:6-38
	android:debuggable
		ADDED from src\main\AndroidManifest.xml:9:6-32
	android:icon
		ADDED from src\main\AndroidManifest.xml:6:18-47
	android:theme
		ADDED from src\main\AndroidManifest.xml:8:6-48
activity#jp.co.deliv.android.imasugu.sugusake.SuguSakeTopView
ADDED from src\main\AndroidManifest.xml:11:9-16:20
	android:label
		ADDED from src\main\AndroidManifest.xml:11:19-51
	android:name
		ADDED from src\main\AndroidManifest.xml:11:52-82
intent-filter#android.intent.action.MAIN+android.intent.category.LAUNCHER
ADDED from src\main\AndroidManifest.xml:12:13-15:29
action#android.intent.action.MAIN
ADDED from src\main\AndroidManifest.xml:13:17-69
	android:name
		ADDED from src\main\AndroidManifest.xml:13:25-66
category#android.intent.category.LAUNCHER
ADDED from src\main\AndroidManifest.xml:14:17-77
	android:name
		ADDED from src\main\AndroidManifest.xml:14:27-74
activity#jp.co.deliv.android.imasugu.sugusake.ShopListView
ADDED from src\main\AndroidManifest.xml:18:9-19:20
	android:label
		ADDED from src\main\AndroidManifest.xml:18:19-51
	android:name
		ADDED from src\main\AndroidManifest.xml:18:52-79
activity#jp.co.deliv.android.imasugu.sugusake.ShopDetailView
ADDED from src\main\AndroidManifest.xml:21:9-22:20
	android:label
		ADDED from src\main\AndroidManifest.xml:21:19-51
	android:name
		ADDED from src\main\AndroidManifest.xml:21:52-81
activity#jp.co.deliv.android.imasugu.sugusake.SakeMapView
ADDED from src\main\AndroidManifest.xml:24:9-25:20
	android:label
		ADDED from src\main\AndroidManifest.xml:24:19-51
	android:name
		ADDED from src\main\AndroidManifest.xml:24:52-78
activity#jp.co.deliv.android.imasugu.sugusake.SuguSakeAboutView
ADDED from src\main\AndroidManifest.xml:27:9-28:20
	android:label
		ADDED from src\main\AndroidManifest.xml:27:19-51
	android:name
		ADDED from src\main\AndroidManifest.xml:27:52-84
activity#com.google.ads.AdActivity
ADDED from src\main\AndroidManifest.xml:31:3-32:66
	android:configChanges
		ADDED from src\main\AndroidManifest.xml:32:4-63
	android:name
		ADDED from src\main\AndroidManifest.xml:31:13-53
uses-library#com.google.android.maps
ADDED from src\main\AndroidManifest.xml:34:3-58
	android:name
		ADDED from src\main\AndroidManifest.xml:34:17-55
uses-sdk
ADDED from src\main\AndroidManifest.xml:38:5-43
MERGED from [com.google.android.gms:play-services-maps:8.4.0] AndroidManifest.xml:26:5-42
MERGED from [com.google.android.gms:play-services-base:8.4.0] AndroidManifest.xml:18:5-42
MERGED from [com.google.android.gms:play-services-basement:8.4.0] AndroidManifest.xml:18:5-42
MERGED from [com.android.support:support-v4:23.1.1] AndroidManifest.xml:20:5-43
MERGED from [com.android.support:support-v4:23.1.1] AndroidManifest.xml:20:5-43
MERGED from [com.jpardogo.materialtabstrip:library:1.0.9] AndroidManifest.xml:5:5-7:41
MERGED from [com.android.support:support-v4:23.1.1] AndroidManifest.xml:20:5-43
	android:targetSdkVersion
		INJECTED from src\main\AndroidManifest.xml
		INJECTED from src\main\AndroidManifest.xml
	android:minSdkVersion
		ADDED from src\main\AndroidManifest.xml:38:15-40
		INJECTED from src\main\AndroidManifest.xml
		INJECTED from src\main\AndroidManifest.xml
uses-permission#android.permission.INTERNET
ADDED from src\main\AndroidManifest.xml:40:2-64
MERGED from [com.google.android.gms:play-services-maps:8.4.0] AndroidManifest.xml:21:5-66
	android:name
		ADDED from src\main\AndroidManifest.xml:40:19-61
uses-permission#android.permission.ACCESS_NETWORK_STATE
ADDED from src\main\AndroidManifest.xml:41:2-75
MERGED from [com.google.android.gms:play-services-maps:8.4.0] AndroidManifest.xml:20:5-78
	android:name
		ADDED from src\main\AndroidManifest.xml:41:19-73
uses-permission#android.permission.ACCESS_COARSE_LOCATION
ADDED from src\main\AndroidManifest.xml:42:2-78
	android:name
		ADDED from src\main\AndroidManifest.xml:42:19-75
uses-permission#android.permission.ACCESS_FINE_LOCATION
ADDED from src\main\AndroidManifest.xml:43:2-76
	android:name
		ADDED from src\main\AndroidManifest.xml:43:19-73
uses-feature#0x00020000
ADDED from [com.google.android.gms:play-services-maps:8.4.0] AndroidManifest.xml:22:5-24:33
	android:required
		ADDED from [com.google.android.gms:play-services-maps:8.4.0] AndroidManifest.xml:24:8-31
	android:glEsVersion
		ADDED from [com.google.android.gms:play-services-maps:8.4.0] AndroidManifest.xml:23:8-40
meta-data#com.google.android.gms.version
ADDED from [com.google.android.gms:play-services-basement:8.4.0] AndroidManifest.xml:21:9-23:69
	android:name
		ADDED from [com.google.android.gms:play-services-basement:8.4.0] AndroidManifest.xml:22:13-58
	android:value
		ADDED from [com.google.android.gms:play-services-basement:8.4.0] AndroidManifest.xml:23:13-66